<?xml version="1.0" encoding="UTF-8"?>
<!-- Generated by org.testng.reporters.JUnitReportReporter -->
<testsuite hostname="DESKTOP-QK53TP2" failures="0" tests="4" name="invocationCount.RunMultipleTimes" time="0.037" errors="0" timestamp="2021-12-07T12:44:46 IST" skipped="0">
  <testcase classname="invocationCount.RunMultipleTimes" name="testcase1" time="0.002"/>
  <system-out>
    <![CDATA[test1]]>
  </system-out>
  <testcase classname="invocationCount.RunMultipleTimes" name="testcase1" time="0.008"/>
  <system-out>
    <![CDATA[test1]]>
  </system-out>
  <testcase classname="invocationCount.RunMultipleTimes" name="testcase1" time="0.005"/>
  <system-out>
    <![CDATA[test1]]>
  </system-out>
  <testcase classname="invocationCount.RunMultipleTimes" name="atestcase2" time="0.022"/>
  <system-out>
    <![CDATA[test2]]>
  </system-out>
</testsuite> <!-- invocationCount.RunMultipleTimes -->
