<?xml version="1.0" encoding="UTF-8"?>
<!-- Generated by org.testng.reporters.JUnitReportReporter -->
<testsuite hostname="DESKTOP-QK53TP2" failures="0" tests="2" name="sequenceOfTestCases.SequenceOfExecution" time="0.028" errors="0" timestamp="2021-12-06T14:17:35 IST" skipped="0">
  <testcase classname="sequenceOfTestCases.SequenceOfExecution" name="testcase1" time="0.005"/>
  <system-out/>
  <testcase classname="sequenceOfTestCases.SequenceOfExecution" name="atestcase2" time="0.023"/>
  <system-out/>
</testsuite> <!-- sequenceOfTestCases.SequenceOfExecution -->
