<?xml version="1.0" encoding="UTF-8"?>
<!-- Generated by org.testng.reporters.JUnitReportReporter -->
<testsuite hostname="DESKTOP-QK53TP2" failures="0" tests="1" name="reporterTest.ReporterTest" time="0.016" errors="0" timestamp="2021-12-06T14:22:09 IST" skipped="0">
  <testcase classname="reporterTest.ReporterTest" name="testCaseCheck" time="0.016"/>
  <system-out>
    <![CDATA[checking Reporter]]>
  </system-out>
</testsuite> <!-- reporterTest.ReporterTest -->
