<?xml version="1.0" encoding="UTF-8"?>
<!-- Generated by org.testng.reporters.JUnitReportReporter -->
<testsuite hostname="DESKTOP-QK53TP2" failures="0" tests="2" name="enableKeyword.Enabled_disabled" time="0.015" errors="0" timestamp="2021-12-09T13:03:21 IST" skipped="1">
  <testcase classname="enableKeyword.Enabled_disabled" name="testcase1" time="0.015"/>
  <system-out>
    <![CDATA[test1]]>
  </system-out>
  <testcase classname="enableKeyword.Enabled_disabled" name="atestcase2">
    <skipped/>
  </testcase> <!-- atestcase2 -->
  <system-out/>
</testsuite> <!-- enableKeyword.Enabled_disabled -->
