<?xml version="1.0" encoding="UTF-8"?>
<!-- Generated by org.testng.reporters.JUnitReportReporter -->
<testsuite hostname="DESKTOP-QK53TP2" failures="0" tests="4" name="groupsInTestNg.Gruop2" time="0.030" errors="0" timestamp="2021-12-15T12:17:41 IST" skipped="0">
  <testcase classname="groupsInTestNg.Gruop2" name="sanity4" time="0.004"/>
  <system-out/>
  <testcase classname="groupsInTestNg.Gruop2" name="retesting4" time="0.004"/>
  <system-out/>
  <testcase classname="groupsInTestNg.Gruop2" name="retesting3" time="0.016"/>
  <system-out/>
  <testcase classname="groupsInTestNg.Gruop2" name="sanity3" time="0.006"/>
  <system-out/>
</testsuite> <!-- groupsInTestNg.Gruop2 -->
