<?xml version="1.0" encoding="UTF-8"?>
<!-- Generated by org.testng.reporters.JUnitReportReporter -->
<testsuite hostname="DESKTOP-QK53TP2" failures="0" tests="2" name="sequenceOfTestCases.SequenceExecutionWithPriority" time="0.021" errors="0" timestamp="2021-12-06T14:18:12 IST" skipped="0">
  <testcase classname="sequenceOfTestCases.SequenceExecutionWithPriority" name="testcase1" time="0.019"/>
  <system-out/>
  <testcase classname="sequenceOfTestCases.SequenceExecutionWithPriority" name="atestcase2" time="0.002"/>
  <system-out/>
</testsuite> <!-- sequenceOfTestCases.SequenceExecutionWithPriority -->
