<?xml version="1.0" encoding="UTF-8"?>
<!-- Generated by org.testng.reporters.JUnitReportReporter -->
<testsuite hostname="DESKTOP-QK53TP2" failures="0" tests="1" name="annotations.AnotationsSequence" time="0.018" errors="0" timestamp="2021-12-08T20:54:01 IST" skipped="0">
  <testcase classname="annotations.AnotationsSequence" name="bSuite" time="0.018"/>
  <system-out>
    <![CDATA[before suite]]>
  </system-out>
</testsuite> <!-- annotations.AnotationsSequence -->
